============================================================
  Generated by:           Genus(TM) Synthesis Solution 21.18-s082_1
  Generated on:           Dec 28 2025  05:58:51 pm
  Module:                 top_wrapper
  Operating conditions:   NCCOM (balanced_tree)
  Wireload mode:          segmented
  Area mode:              timing library
============================================================

Timing
--------

Clock  Period 
--------------
clk   20000.0 


  Cost    Critical        No of gates on  Violating 
 Group   Path Slack  TNS   Critical Path    Paths   
----------------------------------------------------
clk          9357.7   0.0            112          0 
default    No paths   0.0                           
----------------------------------------------------
Total                 0.0                         0 

Instance Count
--------------
Leaf Instance Count             13334 
Physical Instance count             0 
Sequential Instance Count        4178 
Combinational Instance Count     9156 
Hierarchical Instance Count         0 

Area
----
Cell Area                          2300031.320
Physical Cell Area                 0.000
Total Cell Area (Cell+Physical)    2300031.320
Net Area                           0.000
Total Area (Cell+Physical+Net)     2300031.320

Max Fanout                         4020 (wclk)
Min Fanout                         0 (victim_cache_core_vc_probe_tag[16])
Average Fanout                     3.4
Terms to net ratio                 4.7075
Terms to instance ratio            4.8226
Runtime                            199.5643680000001 seconds
Elapsed Runtime                    208 seconds
Genus peak memory usage            2072.39 
Innovus peak memory usage          no_value 
Hostname                           ncdc-0043
