============================================================
  Generated by:           Genus(TM) Synthesis Solution 21.18-s082_1
  Generated on:           Dec 28 2025  05:58:49 pm
  Module:                 top_wrapper
  Operating conditions:   NCCOM (balanced_tree)
  Wireload mode:          segmented
  Area mode:              timing library
============================================================

                                  
   Gate    Instances     Area           Library       
------------------------------------------------------
AN2D2              2        5.040    tcbn65lptc       
AN2XD1           205      442.800    tcbn65lptc       
AN3D2              1        2.880    tcbn65lptc       
AN3XD1             2        5.040    tcbn65lptc       
AN4D4              1        6.120    tcbn65lptc       
AO211D1          130      374.400    tcbn65lptc       
AO21D1            19       47.880    tcbn65lptc       
AO221D0           10       36.000    tcbn65lptc       
AO222D1         2178     9408.960    tcbn65lptc       
AO22D0           956     2753.280    tcbn65lptc       
AO31D1             3        8.640    tcbn65lptc       
AOI211D1           9       22.680    tcbn65lptc       
AOI211XD0         36       90.720    tcbn65lptc       
AOI21D1            2        4.320    tcbn65lptc       
AOI221D0         460     1324.800    tcbn65lptc       
AOI222D0          39      140.400    tcbn65lptc       
AOI22D1         1836     4626.720    tcbn65lptc       
AOI31D1            1        2.520    tcbn65lptc       
AOI33D1            2        6.480    tcbn65lptc       
BUFFD2            33       71.280    tcbn65lptc       
CKAN2D1            2        4.320    tcbn65lptc       
CKAN2D4          156      505.440    tcbn65lptc       
CKBD0              1        1.440    tcbn65lptc       
CKBD1              1        1.440    tcbn65lptc       
CKND1             26       28.080    tcbn65lptc       
CKND2D0           11       15.840    tcbn65lptc       
CKND2D1          290      417.600    tcbn65lptc       
CKXOR2D1           4       14.400    tcbn65lptc       
DFCND1            98      846.720    tcbn65lptc       
DFCNQD1         3576    28321.920    tcbn65lptc       
DFCNQD2           33      297.000    tcbn65lptc       
DFD1               1        7.200    tcbn65lptc       
DFQD1            256     1751.040    tcbn65lptc       
DFSND1             1        9.000    tcbn65lptc       
EDFCND1           27      301.320    tcbn65lptc       
EDFCNQD1          28      302.400    tcbn65lptc       
IAO21D1           42      105.840    tcbn65lptc       
IND2D0             5       10.800    tcbn65lptc       
IND2D1            31       66.960    tcbn65lptc       
IND3D1             1        2.520    tcbn65lptc       
IND4D1            37      106.560    tcbn65lptc       
INR2D0             1        2.160    tcbn65lptc       
INR2D1             5       10.800    tcbn65lptc       
INR2XD0           40       86.400    tcbn65lptc       
INR3D0             5       12.600    tcbn65lptc       
INR4D0            23       66.240    tcbn65lptc       
INVD0             20       21.600    tcbn65lptc       
INVD1             48       51.840    tcbn65lptc       
INVD3              1        2.160    tcbn65lptc       
INVD4              1        2.520    tcbn65lptc       
IOA21D1           14       35.280    tcbn65lptc       
LHQD1            156      786.240    tcbn65lptc       
LNQD1              2       10.080    tcbn65lptc       
MAOI222D1         93      267.840    tcbn65lptc       
MAOI22D1           5       14.400    tcbn65lptc       
MOAI22D1         947     2727.360    tcbn65lptc       
MUX2D2            23       91.080    tcbn65lptc       
MUX2ND0           25       72.000    tcbn65lptc       
ND2D1             99      142.560    tcbn65lptc       
ND2D4              1        4.320    tcbn65lptc       
ND3D1            161      347.760    tcbn65lptc       
ND4D1            398     1002.960    tcbn65lptc       
NR2D0             16       23.040    tcbn65lptc       
NR2D1             24       34.560    tcbn65lptc       
NR2D4              1        4.320    tcbn65lptc       
NR2XD0            69       99.360    tcbn65lptc       
NR2XD1            31       78.120    tcbn65lptc       
NR3D0              5       10.800    tcbn65lptc       
NR4D0             14       35.280    tcbn65lptc       
OA211D1            3        8.640    tcbn65lptc       
OA211D2            1        3.240    tcbn65lptc       
OA21D1            43      108.360    tcbn65lptc       
OA221D0            4       14.400    tcbn65lptc       
OA31D1             1        2.880    tcbn65lptc       
OAI211D1          21       52.920    tcbn65lptc       
OAI21D1           38       82.080    tcbn65lptc       
OAI221D0           8       23.040    tcbn65lptc       
OAI222D0           7       22.680    tcbn65lptc       
OAI22D1            9       22.680    tcbn65lptc       
OR2D0              4        8.640    tcbn65lptc       
OR2D1              4        8.640    tcbn65lptc       
OR2D2              1        2.520    tcbn65lptc       
OR2D4              1        4.320    tcbn65lptc       
OR2D8              3       20.520    tcbn65lptc       
OR3D2              1        2.880    tcbn65lptc       
OR3D8              2       16.560    tcbn65lptc       
OR4D1              8       23.040    tcbn65lptc       
PDDW16DGZ        391  2228700.000    tpzn65lpgv2od3tc 
PDXOE3DG           1    12350.000    tpzn65lpgv2od3tc 
XNR2D1             3       10.800    tcbn65lptc       
------------------------------------------------------
total          13334  2300031.320                     


     Library     Instances     Area    Instances % 
---------------------------------------------------
tcbn65lptc           12942   58981.320        97.1 
tpzn65lpgv2od3tc       392 2241050.000         2.9 

                                            
     Type      Instances     Area    Area % 
--------------------------------------------
timing_model         392 2241050.000   97.4 
sequential          4178   32632.920    1.4 
inverter              96     106.200    0.0 
buffer                35      74.160    0.0 
logic               8633   26168.040    1.1 
physical_cells         0       0.000    0.0 
--------------------------------------------
total              13334 2300031.320  100.0 

