============================================================
  Generated by:           Genus(TM) Synthesis Solution 21.18-s082_1
  Generated on:           Dec 28 2025  05:58:49 pm
  Module:                 top_wrapper
  Operating conditions:   NCCOM (balanced_tree)
  Wireload mode:          segmented
  Area mode:              timing library
============================================================


Path 1: MET (9358 ps) Setup Check with Pin victim_cache_core_VC_probe_line_reg_reg[127]/CP->D
          Group: clk
     Startpoint: (R) victim_cache_core_VC_fifo_age_reg[0][0]/CP
          Clock: (R) clk
       Endpoint: (R) victim_cache_core_VC_probe_line_reg_reg[127]/D
          Clock: (R) clk

                     Capture       Launch     
        Clock Edge:+   20000            0     
       Src Latency:+       0            0     
       Net Latency:+       0 (I)        0 (I) 
           Arrival:=   20000            0     
                                              
             Setup:-       8                  
       Uncertainty:-     200                  
     Required Time:=   19792                  
      Launch Clock:-       0                  
         Data Path:-   10435                  
             Slack:=    9358                  

#-------------------------------------------------------------------------------------------------------------------------
#                 Timing Point                   Flags    Arc   Edge   Cell     Fanout  Load Trans Delay Arrival Instance 
#                                                                                       (fF)  (ps)  (ps)   (ps)  Location 
#-------------------------------------------------------------------------------------------------------------------------
  victim_cache_core_VC_fifo_age_reg[0][0]/CP     -       -      R     (arrival)   4020     -   200     0       0    (-,-) 
  victim_cache_core_VC_fifo_age_reg[0][0]/Q      -       CP->Q  R     DFCND1         6   5.1    56   204     204    (-,-) 
  victim_cache_core_VC_gt_158_27_I2_g734/ZN      -       A1->ZN R     IND2D1         1   1.8    30    57     262    (-,-) 
  victim_cache_core_VC_gt_158_27_I2_g733/ZN      -       A->ZN  F     MAOI222D1      1   1.8    86    61     323    (-,-) 
  victim_cache_core_VC_gt_158_27_I2_g732/ZN      -       A->ZN  R     MAOI222D1      1   1.8   103    85     408    (-,-) 
  victim_cache_core_VC_gt_158_27_I2_g731/ZN      -       A->ZN  F     MAOI222D1      1   1.8    88    79     487    (-,-) 
  victim_cache_core_VC_gt_158_27_I2_g730/ZN      -       A->ZN  R     MAOI222D1      1   1.8   104    86     573    (-,-) 
  victim_cache_core_VC_gt_158_27_I2_g729/ZN      -       A->ZN  F     MAOI222D1      1   1.8    88    79     652    (-,-) 
  victim_cache_core_VC_gt_158_27_I2_g728/ZN      -       A->ZN  R     MAOI222D1      1   1.8   104    86     738    (-,-) 
  victim_cache_core_VC_gt_158_27_I2_g727/ZN      -       A->ZN  F     MAOI222D1      1   1.8    88    79     817    (-,-) 
  victim_cache_core_VC_gt_158_27_I2_g726/ZN      -       A->ZN  R     MAOI222D1      1   1.8   104    86     903    (-,-) 
  victim_cache_core_VC_gt_158_27_I2_g725/ZN      -       A->ZN  F     MAOI222D1      1   1.8    88    79     982    (-,-) 
  victim_cache_core_VC_gt_158_27_I2_g724/ZN      -       A->ZN  R     MAOI222D1      1   1.8   104    86    1068    (-,-) 
  victim_cache_core_VC_gt_158_27_I2_g723/ZN      -       A->ZN  F     MAOI222D1      1   1.8    88    79    1147    (-,-) 
  victim_cache_core_VC_gt_158_27_I2_g722/ZN      -       A->ZN  R     MAOI222D1      1   1.8   104    86    1233    (-,-) 
  victim_cache_core_VC_gt_158_27_I2_g721/ZN      -       A->ZN  F     MAOI222D1      1   1.8    88    79    1312    (-,-) 
  victim_cache_core_VC_gt_158_27_I2_g720/ZN      -       A->ZN  R     MAOI222D1      1   1.8   104    86    1398    (-,-) 
  victim_cache_core_VC_gt_158_27_I2_g719/ZN      -       A->ZN  F     MAOI222D1      1   1.8    88    79    1477    (-,-) 
  victim_cache_core_VC_gt_158_27_I2_g718/ZN      -       A->ZN  R     MAOI222D1      1   1.8   104    86    1563    (-,-) 
  victim_cache_core_VC_gt_158_27_I2_g717/ZN      -       A->ZN  F     MAOI222D1      1   1.8    88    79    1642    (-,-) 
  victim_cache_core_VC_gt_158_27_I2_g716/ZN      -       A->ZN  R     MAOI222D1      1   1.8   104    86    1728    (-,-) 
  victim_cache_core_VC_gt_158_27_I2_g715/ZN      -       A->ZN  F     MAOI222D1      1   1.8    88    79    1807    (-,-) 
  victim_cache_core_VC_gt_158_27_I2_g714/ZN      -       A->ZN  R     MAOI222D1      1   1.8   104    86    1893    (-,-) 
  victim_cache_core_VC_gt_158_27_I2_g713/ZN      -       A->ZN  F     MAOI222D1      1   1.8    88    79    1972    (-,-) 
  victim_cache_core_VC_gt_158_27_I2_g712/ZN      -       A->ZN  R     MAOI222D1      1   1.8   104    86    2058    (-,-) 
  victim_cache_core_VC_gt_158_27_I2_g711/ZN      -       A->ZN  F     MAOI222D1      1   1.8    88    79    2137    (-,-) 
  victim_cache_core_VC_gt_158_27_I2_g710/ZN      -       A->ZN  R     MAOI222D1      1   1.8   104    86    2223    (-,-) 
  victim_cache_core_VC_gt_158_27_I2_g709/ZN      -       A->ZN  F     MAOI222D1      1   1.8    88    79    2302    (-,-) 
  victim_cache_core_VC_gt_158_27_I2_g708/ZN      -       A->ZN  R     MAOI222D1      1   1.8   104    86    2388    (-,-) 
  victim_cache_core_VC_gt_158_27_I2_g707/ZN      -       A->ZN  F     MAOI222D1      1   1.8    88    79    2467    (-,-) 
  victim_cache_core_VC_gt_158_27_I2_g706/ZN      -       A->ZN  R     MAOI222D1      1   1.8   104    86    2553    (-,-) 
  victim_cache_core_VC_gt_158_27_I2_g705/ZN      -       A->ZN  F     MAOI222D1      1   1.8    88    79    2632    (-,-) 
  victim_cache_core_VC_gt_158_27_I2_g704/ZN      -       A->ZN  R     MAOI222D1      1   1.8   104    86    2718    (-,-) 
  victim_cache_core_VC_gt_158_27_I2_g703/ZN      -       A->ZN  F     MAOI222D1      2   1.6    85    78    2795    (-,-) 
  g319440/ZN                                     -       I->ZN  R     INVD0         32  25.9   393   252    3048    (-,-) 
  g22957/ZN                                      -       I->ZN  F     INVD1         31  21.7   200   191    3239    (-,-) 
  g22941__5115/Z                                 -       A1->Z  F     AO22D0         2   1.6    41   129    3368    (-,-) 
  victim_cache_core_VC_gt_158_27_I3_g734/ZN      -       A1->ZN F     IND2D1         1   1.8    38    65    3433    (-,-) 
  victim_cache_core_VC_gt_158_27_I3_g733/ZN      -       A->ZN  R     MAOI222D1      1   1.8    97    71    3504    (-,-) 
  victim_cache_core_VC_gt_158_27_I3_g732/ZN      -       A->ZN  F     MAOI222D1      1   1.8    87    78    3582    (-,-) 
  victim_cache_core_VC_gt_158_27_I3_g731/ZN      -       A->ZN  R     MAOI222D1      1   1.8   103    85    3668    (-,-) 
  victim_cache_core_VC_gt_158_27_I3_g730/ZN      -       A->ZN  F     MAOI222D1      1   1.8    88    79    3747    (-,-) 
  victim_cache_core_VC_gt_158_27_I3_g729/ZN      -       A->ZN  R     MAOI222D1      1   1.8   104    86    3833    (-,-) 
  victim_cache_core_VC_gt_158_27_I3_g728/ZN      -       A->ZN  F     MAOI222D1      1   1.8    88    79    3912    (-,-) 
  victim_cache_core_VC_gt_158_27_I3_g727/ZN      -       A->ZN  R     MAOI222D1      1   1.8   104    86    3998    (-,-) 
  victim_cache_core_VC_gt_158_27_I3_g726/ZN      -       A->ZN  F     MAOI222D1      1   1.8    88    79    4077    (-,-) 
  victim_cache_core_VC_gt_158_27_I3_g725/ZN      -       A->ZN  R     MAOI222D1      1   1.8   104    86    4163    (-,-) 
  victim_cache_core_VC_gt_158_27_I3_g724/ZN      -       A->ZN  F     MAOI222D1      1   1.8    88    79    4242    (-,-) 
  victim_cache_core_VC_gt_158_27_I3_g723/ZN      -       A->ZN  R     MAOI222D1      1   1.8   104    86    4328    (-,-) 
  victim_cache_core_VC_gt_158_27_I3_g722/ZN      -       A->ZN  F     MAOI222D1      1   1.8    88    79    4407    (-,-) 
  victim_cache_core_VC_gt_158_27_I3_g721/ZN      -       A->ZN  R     MAOI222D1      1   1.8   104    86    4493    (-,-) 
  victim_cache_core_VC_gt_158_27_I3_g720/ZN      -       A->ZN  F     MAOI222D1      1   1.8    88    79    4572    (-,-) 
  victim_cache_core_VC_gt_158_27_I3_g719/ZN      -       A->ZN  R     MAOI222D1      1   1.8   104    86    4658    (-,-) 
  victim_cache_core_VC_gt_158_27_I3_g718/ZN      -       A->ZN  F     MAOI222D1      1   1.8    88    79    4737    (-,-) 
  victim_cache_core_VC_gt_158_27_I3_g717/ZN      -       A->ZN  R     MAOI222D1      1   1.8   104    86    4823    (-,-) 
  victim_cache_core_VC_gt_158_27_I3_g716/ZN      -       A->ZN  F     MAOI222D1      1   1.8    88    79    4902    (-,-) 
  victim_cache_core_VC_gt_158_27_I3_g715/ZN      -       A->ZN  R     MAOI222D1      1   1.8   104    86    4988    (-,-) 
  victim_cache_core_VC_gt_158_27_I3_g714/ZN      -       A->ZN  F     MAOI222D1      1   1.8    88    79    5067    (-,-) 
  victim_cache_core_VC_gt_158_27_I3_g713/ZN      -       A->ZN  R     MAOI222D1      1   1.8   104    86    5153    (-,-) 
  victim_cache_core_VC_gt_158_27_I3_g712/ZN      -       A->ZN  F     MAOI222D1      1   1.8    88    79    5232    (-,-) 
  victim_cache_core_VC_gt_158_27_I3_g711/ZN      -       A->ZN  R     MAOI222D1      1   1.8   104    86    5318    (-,-) 
  victim_cache_core_VC_gt_158_27_I3_g710/ZN      -       A->ZN  F     MAOI222D1      1   1.8    88    79    5397    (-,-) 
  victim_cache_core_VC_gt_158_27_I3_g709/ZN      -       A->ZN  R     MAOI222D1      1   1.8   104    86    5483    (-,-) 
  victim_cache_core_VC_gt_158_27_I3_g708/ZN      -       A->ZN  F     MAOI222D1      1   1.8    88    79    5562    (-,-) 
  victim_cache_core_VC_gt_158_27_I3_g707/ZN      -       A->ZN  R     MAOI222D1      1   1.8   104    86    5648    (-,-) 
  victim_cache_core_VC_gt_158_27_I3_g706/ZN      -       A->ZN  F     MAOI222D1      1   1.8    88    79    5727    (-,-) 
  victim_cache_core_VC_gt_158_27_I3_g705/ZN      -       A->ZN  R     MAOI222D1      1   1.8   104    86    5813    (-,-) 
  victim_cache_core_VC_gt_158_27_I3_g704/ZN      -       A->ZN  F     MAOI222D1      1   1.8    88    79    5892    (-,-) 
  victim_cache_core_VC_gt_158_27_I3_g703/ZN      -       A->ZN  R     MAOI222D1      2   1.5    98    82    5974    (-,-) 
  g319441/Z                                      -       I->Z   R     CKBD0         32  28.9   431   284    6259    (-,-) 
  g23165/ZN                                      -       I->ZN  F     INVD1         31  29.3   244   237    6496    (-,-) 
  g23151__7482/Z                                 -       B2->Z  F     AO22D0         1   0.7    39   149    6645    (-,-) 
  victim_cache_core_VC_gt_158_27_I4_g734/ZN      -       A1->ZN F     IND2D1         1   1.8    36    64    6709    (-,-) 
  victim_cache_core_VC_gt_158_27_I4_g733/ZN      -       A->ZN  R     MAOI222D1      1   1.8    97    71    6780    (-,-) 
  victim_cache_core_VC_gt_158_27_I4_g732/ZN      -       A->ZN  F     MAOI222D1      1   1.8    94    78    6858    (-,-) 
  victim_cache_core_VC_gt_158_27_I4_g731/ZN      -       A->ZN  R     MAOI222D1      1   1.8   104    87    6945    (-,-) 
  victim_cache_core_VC_gt_158_27_I4_g730/ZN      -       A->ZN  F     MAOI222D1      1   1.8    94    80    7024    (-,-) 
  victim_cache_core_VC_gt_158_27_I4_g729/ZN      -       A->ZN  R     MAOI222D1      1   1.8   104    87    7112    (-,-) 
  victim_cache_core_VC_gt_158_27_I4_g728/ZN      -       A->ZN  F     MAOI222D1      1   1.8    94    80    7191    (-,-) 
  victim_cache_core_VC_gt_158_27_I4_g727/ZN      -       A->ZN  R     MAOI222D1      1   1.8   104    87    7278    (-,-) 
  victim_cache_core_VC_gt_158_27_I4_g726/ZN      -       A->ZN  F     MAOI222D1      1   1.8    94    80    7358    (-,-) 
  victim_cache_core_VC_gt_158_27_I4_g725/ZN      -       A->ZN  R     MAOI222D1      1   1.8   104    87    7445    (-,-) 
  victim_cache_core_VC_gt_158_27_I4_g724/ZN      -       A->ZN  F     MAOI222D1      1   1.8    94    80    7524    (-,-) 
  victim_cache_core_VC_gt_158_27_I4_g723/ZN      -       A->ZN  R     MAOI222D1      1   1.8   104    87    7612    (-,-) 
  victim_cache_core_VC_gt_158_27_I4_g722/ZN      -       A->ZN  F     MAOI222D1      1   1.8    94    80    7691    (-,-) 
  victim_cache_core_VC_gt_158_27_I4_g721/ZN      -       A->ZN  R     MAOI222D1      1   1.8   104    87    7778    (-,-) 
  victim_cache_core_VC_gt_158_27_I4_g720/ZN      -       A->ZN  F     MAOI222D1      1   1.8    94    80    7858    (-,-) 
  victim_cache_core_VC_gt_158_27_I4_g719/ZN      -       A->ZN  R     MAOI222D1      1   1.8   104    87    7945    (-,-) 
  victim_cache_core_VC_gt_158_27_I4_g718/ZN      -       A->ZN  F     MAOI222D1      1   1.8    94    80    8024    (-,-) 
  victim_cache_core_VC_gt_158_27_I4_g717/ZN      -       A->ZN  R     MAOI222D1      1   1.8   104    87    8112    (-,-) 
  victim_cache_core_VC_gt_158_27_I4_g716/ZN      -       A->ZN  F     MAOI222D1      1   1.8    94    80    8191    (-,-) 
  victim_cache_core_VC_gt_158_27_I4_g715/ZN      -       A->ZN  R     MAOI222D1      1   1.8   104    87    8278    (-,-) 
  victim_cache_core_VC_gt_158_27_I4_g714/ZN      -       A->ZN  F     MAOI222D1      1   1.8    94    80    8358    (-,-) 
  victim_cache_core_VC_gt_158_27_I4_g713/ZN      -       A->ZN  R     MAOI222D1      1   1.8   104    87    8445    (-,-) 
  victim_cache_core_VC_gt_158_27_I4_g712/ZN      -       A->ZN  F     MAOI222D1      1   1.8    94    80    8525    (-,-) 
  victim_cache_core_VC_gt_158_27_I4_g711/ZN      -       A->ZN  R     MAOI222D1      1   1.8   104    87    8612    (-,-) 
  victim_cache_core_VC_gt_158_27_I4_g710/ZN      -       A->ZN  F     MAOI222D1      1   1.8    94    80    8691    (-,-) 
  victim_cache_core_VC_gt_158_27_I4_g709/ZN      -       A->ZN  R     MAOI222D1      1   1.8   104    87    8778    (-,-) 
  victim_cache_core_VC_gt_158_27_I4_g708/ZN      -       A->ZN  F     MAOI222D1      1   1.8    94    80    8858    (-,-) 
  victim_cache_core_VC_gt_158_27_I4_g707/ZN      -       A->ZN  R     MAOI222D1      1   1.8   104    87    8945    (-,-) 
  victim_cache_core_VC_gt_158_27_I4_g706/ZN      -       A->ZN  F     MAOI222D1      1   1.8    94    80    9025    (-,-) 
  victim_cache_core_VC_gt_158_27_I4_g705/ZN      -       A->ZN  R     MAOI222D1      1   1.8   104    87    9112    (-,-) 
  victim_cache_core_VC_gt_158_27_I4_g704/ZN      -       A->ZN  F     MAOI222D1      1   1.8    94    80    9191    (-,-) 
  victim_cache_core_VC_gt_158_27_I4_g703/ZN      -       A->ZN  R     MAOI222D1      1   0.9    89    77    9269    (-,-) 
  g44986/ZN                                      -       A1->ZN F     NR2D1          1   0.8    33    27    9296    (-,-) 
  g44985/ZN                                      -       A1->ZN R     NR3D0          4   3.7   115    80    9376    (-,-) 
  g44984/ZN                                      -       I->ZN  F     INVD1          4   3.8    49    49    9425    (-,-) 
  g44983/ZN                                      -       A1->ZN R     NR2D1         31  26.6   430   262    9687    (-,-) 
  g44970/ZN                                      -       C->ZN  F     AOI221D0       4   7.4   192   183    9870    (-,-) 
  g44965/ZN                                      -       I->ZN  R     CKND1          1   1.1    55    48    9918    (-,-) 
  g44952/Z                                       -       A1->Z  R     AN2D2        128 102.4   419   282   10200    (-,-) 
  g44409/Z                                       -       A1->Z  R     AO22D0         1   0.8    47   123   10323    (-,-) 
  g43534__2398/ZN                                -       C->ZN  F     AOI221D0       2   2.0   147    49   10372    (-,-) 
  g42936__7410/ZN                                -       A1->ZN R     MOAI22D1       1   1.0    73    63   10435    (-,-) 
  victim_cache_core_VC_probe_line_reg_reg[127]/D <<<     -      R     DFCNQD1        1     -     -     0   10435    (-,-) 
#-------------------------------------------------------------------------------------------------------------------------

